{
  "RSpec": {
    "coverage": {
      "/Users/marcosvicente/Personal/AlmostHackers/app/service/ExameService.rb": {
        "lines": [
          1,
          1,
          3,
          null,
          null,
          1,
          3,
          1,
          2,
          1,
          null,
          1,
          null,
          null,
          null,
          1,
          1,
          null,
          null,
          1,
          1,
          null,
          null
        ]
      },
      "/Users/marcosvicente/Personal/AlmostHackers/app/models/patient.rb": {
        "lines": [
          null,
          null,
          null,
          null,
          null,
          null,
          null,
          null,
          null,
          null,
          null,
          null,
          null,
          null,
          null,
          null,
          null,
          1,
          null,
          1,
          1,
          null
        ]
      },
      "/Users/marcosvicente/Personal/AlmostHackers/app/models/exame.rb": {
        "lines": [
          null,
          null,
          null,
          null,
          null,
          null,
          null,
          null,
          null,
          null,
          null,
          null,
          null,
          null,
          null,
          null,
          null,
          null,
          null,
          null,
          null,
          1,
          null,
          null,
          1,
          1,
          null
        ]
      },
      "/Users/marcosvicente/Personal/AlmostHackers/app/models/doctor.rb": {
        "lines": [
          null,
          null,
          null,
          null,
          null,
          null,
          null,
          null,
          null,
          null,
          null,
          null,
          null,
          null,
          null,
          null,
          null,
          1,
          null,
          1,
          1,
          null
        ]
      }
    },
    "timestamp": 1684550207
  }
}
